[ 2016-01-27T08:57:10+08:00 ] ::1 /yfdj/iconfont/iconfont.css
ERR: 无法加载控制器:Iconfont

[ 2016-01-27T08:57:10+08:00 ] ::1 /yfdj/h-ui/css/style.css
ERR: 无法加载控制器:H-ui

[ 2016-01-27T09:13:38+08:00 ] ::1 /yfdj/iconfont/iconfont.css
ERR: 无法加载控制器:Iconfont

[ 2016-01-27T09:13:38+08:00 ] ::1 /yfdj/h-ui/css/style.css
ERR: 无法加载控制器:H-ui

[ 2016-01-27T09:15:54+08:00 ] ::1 /yfdj/h-ui/css/style.css
ERR: 无法加载控制器:H-ui

[ 2016-01-27T09:15:54+08:00 ] ::1 /yfdj/iconfont/iconfont.css
ERR: 无法加载控制器:Iconfont

[ 2016-01-27T09:20:01+08:00 ] ::1 /yfdj/h-ui/css/style.css
ERR: 无法加载控制器:H-ui

[ 2016-01-27T09:20:01+08:00 ] ::1 /yfdj/iconfont/iconfont.css
ERR: 无法加载控制器:Iconfont

[ 2016-01-27T09:21:17+08:00 ] ::1 /yfdj/iconfont/iconfont.css
ERR: 无法加载控制器:Iconfont

[ 2016-01-27T09:21:17+08:00 ] ::1 /yfdj/h-ui/css/style.css
ERR: 无法加载控制器:H-ui

[ 2016-01-27T09:22:40+08:00 ] ::1 /yfdj/iconfont/iconfont.css
ERR: 无法加载控制器:Iconfont

[ 2016-01-27T09:22:40+08:00 ] ::1 /yfdj/h-ui/css/style.css
ERR: 无法加载控制器:H-ui

[ 2016-01-27T09:23:21+08:00 ] ::1 /yfdj/h-ui/css/style.css
ERR: 无法加载控制器:H-ui

[ 2016-01-27T09:23:21+08:00 ] ::1 /yfdj/iconfont/iconfont.css
ERR: 无法加载控制器:Iconfont

[ 2016-01-27T09:26:11+08:00 ] ::1 /yfdj/iconfont/iconfont.css
ERR: 无法加载控制器:Iconfont

[ 2016-01-27T09:26:11+08:00 ] ::1 /yfdj/h-ui/css/style.css
ERR: 无法加载控制器:H-ui

[ 2016-01-27T09:28:47+08:00 ] ::1 /yfdj/iconfont/iconfont.css
ERR: 无法加载控制器:Iconfont

[ 2016-01-27T09:28:47+08:00 ] ::1 /yfdj/h-ui/css/style.css
ERR: 无法加载控制器:H-ui

[ 2016-01-27T09:53:03+08:00 ] ::1 /yfdj/h-ui/css/style.css
ERR: 无法加载控制器:H-ui

[ 2016-01-27T09:53:03+08:00 ] ::1 /yfdj/iconfont/iconfont.css
ERR: 无法加载控制器:Iconfont

[ 2016-01-27T10:05:30+08:00 ] ::1 /yfdj/h-ui/css/style.css
ERR: 无法加载控制器:H-ui

[ 2016-01-27T10:05:30+08:00 ] ::1 /yfdj/iconfont/iconfont.css
ERR: 无法加载控制器:Iconfont

[ 2016-01-27T10:48:48+08:00 ] ::1 /yfdj/iconfont/iconfont.css
ERR: 无法加载控制器:Iconfont

[ 2016-01-27T10:48:48+08:00 ] ::1 /yfdj/h-ui/css/style.css
ERR: 无法加载控制器:H-ui

[ 2016-01-27T10:55:50+08:00 ] ::1 /yfdj/iconfont/iconfont.css
ERR: 无法加载控制器:Iconfont

[ 2016-01-27T10:55:50+08:00 ] ::1 /yfdj/h-ui/css/style.css
ERR: 无法加载控制器:H-ui

[ 2016-01-27T10:56:06+08:00 ] ::1 /yfdj/iconfont/iconfont.css
ERR: 无法加载控制器:Iconfont

[ 2016-01-27T10:56:06+08:00 ] ::1 /yfdj/h-ui/css/style.css
ERR: 无法加载控制器:H-ui

[ 2016-01-27T10:56:07+08:00 ] ::1 /yfdj/h-ui/css/style.css
ERR: 无法加载控制器:H-ui

[ 2016-01-27T10:56:07+08:00 ] ::1 /yfdj/iconfont/iconfont.css
ERR: 无法加载控制器:Iconfont

[ 2016-01-27T10:56:27+08:00 ] ::1 /yfdj/iconfont/iconfont.css
ERR: 无法加载控制器:Iconfont

[ 2016-01-27T10:56:27+08:00 ] ::1 /yfdj/h-ui/css/style.css
ERR: 无法加载控制器:H-ui

[ 2016-01-27T12:40:37+08:00 ] ::1 /yfdj/Public/H-ui/lib/jquery/1.9.1/jquery.min.map
ERR: 无法加载控制器:Public

[ 2016-01-27T12:40:38+08:00 ] ::1 /yfdj/Public/H-ui/lib/jquery/1.9.1/jquery.min.map
ERR: 无法加载控制器:Public

[ 2016-01-27T12:41:03+08:00 ] ::1 /yfdj/Public/H-ui/lib/jquery/1.9.1/jquery.min.map
ERR: 无法加载控制器:Public

[ 2016-01-27T12:52:45+08:00 ] ::1 /yfdj/Public/H-ui/lib/jquery/1.9.1/jquery.min.map
ERR: 无法加载控制器:Public

[ 2016-01-27T12:52:47+08:00 ] ::1 /yfdj/Public/H-ui/lib/jquery/1.9.1/jquery.min.map
ERR: 无法加载控制器:Public

[ 2016-01-27T12:53:40+08:00 ] ::1 /yfdj/Public/H-ui/lib/jquery/1.9.1/jquery.min.map
ERR: 无法加载控制器:Public

[ 2016-01-27T12:54:27+08:00 ] ::1 /yfdj/Public/H-ui/lib/jquery/1.9.1/jquery.min.map
ERR: 无法加载控制器:Public

[ 2016-01-27T13:14:45+08:00 ] ::1 /yfdj/Public/H-ui/lib/jquery/1.9.1/jquery.min.map
ERR: 无法加载控制器:Public

[ 2016-01-27T13:14:46+08:00 ] ::1 /yfdj/Public/H-ui/lib/jquery/1.9.1/jquery.min.map
ERR: 无法加载控制器:Public

[ 2016-01-27T13:16:48+08:00 ] ::1 /yfdj/Public/H-ui/lib/jquery/1.9.1/jquery.min.map
ERR: 无法加载控制器:Public

[ 2016-01-27T13:17:46+08:00 ] ::1 /yfdj/Public/H-ui/lib/jquery/1.9.1/jquery.min.map
ERR: 无法加载控制器:Public

[ 2016-01-27T13:18:30+08:00 ] ::1 /yfdj/Public/H-ui/lib/jquery/1.9.1/jquery.min.map
ERR: 无法加载控制器:Public

[ 2016-01-27T13:19:06+08:00 ] ::1 /yfdj/Public/H-ui/lib/jquery/1.9.1/jquery.min.map
ERR: 无法加载控制器:Public

[ 2016-01-27T13:22:16+08:00 ] ::1 /yfdj/Public/H-ui/lib/jquery/1.9.1/jquery.min.map
ERR: 无法加载控制器:Public

[ 2016-01-27T13:22:32+08:00 ] ::1 /yfdj/Public/H-ui/lib/jquery/1.9.1/jquery.min.map
ERR: 无法加载控制器:Public

[ 2016-01-27T13:22:45+08:00 ] ::1 /yfdj/Public/H-ui/lib/jquery/1.9.1/jquery.min.map
ERR: 无法加载控制器:Public

[ 2016-01-27T13:22:49+08:00 ] ::1 /yfdj/Public/H-ui/lib/jquery/1.9.1/jquery.min.map
ERR: 无法加载控制器:Public

[ 2016-01-27T13:24:22+08:00 ] ::1 /yfdj/Public/H-ui/lib/jquery/1.9.1/jquery.min.map
ERR: 无法加载控制器:Public

[ 2016-01-27T13:25:06+08:00 ] ::1 /yfdj/Public/H-ui/lib/jquery/1.9.1/jquery.min.map
ERR: 无法加载控制器:Public

[ 2016-01-27T13:26:14+08:00 ] ::1 /yfdj/Public/H-ui/lib/jquery/1.9.1/jquery.min.map
ERR: 无法加载控制器:Public

[ 2016-01-27T13:26:32+08:00 ] ::1 /yfdj/Public/H-ui/lib/jquery/1.9.1/jquery.min.map
ERR: 无法加载控制器:Public

[ 2016-01-27T13:26:34+08:00 ] ::1 /yfdj/Public/H-ui/lib/jquery/1.9.1/jquery.min.map
ERR: 无法加载控制器:Public

[ 2016-01-27T13:27:13+08:00 ] ::1 /yfdj/Public/H-ui/lib/jquery/1.9.1/jquery.min.map
ERR: 无法加载控制器:Public

[ 2016-01-27T13:27:41+08:00 ] ::1 /yfdj/Public/H-ui/lib/jquery/1.9.1/jquery.min.map
ERR: 无法加载控制器:Public

[ 2016-01-27T13:28:15+08:00 ] ::1 /yfdj/Public/H-ui/lib/jquery/1.9.1/jquery.min.map
ERR: 无法加载控制器:Public

[ 2016-01-27T13:28:31+08:00 ] ::1 /yfdj/Public/H-ui/lib/jquery/1.9.1/jquery.min.map
ERR: 无法加载控制器:Public

[ 2016-01-27T13:29:35+08:00 ] ::1 /yfdj/Public/H-ui/lib/jquery/1.9.1/jquery.min.map
ERR: 无法加载控制器:Public

[ 2016-01-27T13:30:32+08:00 ] ::1 /yfdj/Public/H-ui/lib/jquery/1.9.1/jquery.min.map
ERR: 无法加载控制器:Public

[ 2016-01-27T13:32:54+08:00 ] ::1 /yfdj/Public/H-ui/lib/jquery/1.9.1/jquery.min.map
ERR: 无法加载控制器:Public

[ 2016-01-27T13:33:06+08:00 ] ::1 /yfdj/Public/H-ui/lib/jquery/1.9.1/jquery.min.map
ERR: 无法加载控制器:Public

[ 2016-01-27T13:33:38+08:00 ] ::1 /yfdj/Public/H-ui/lib/jquery/1.9.1/jquery.min.map
ERR: 无法加载控制器:Public

[ 2016-01-27T13:35:22+08:00 ] ::1 /yfdj/Public/H-ui/lib/jquery/1.9.1/jquery.min.map
ERR: 无法加载控制器:Public

[ 2016-01-27T13:36:37+08:00 ] ::1 /yfdj/Public/H-ui/lib/jquery/1.9.1/jquery.min.map
ERR: 无法加载控制器:Public

[ 2016-01-27T13:37:03+08:00 ] ::1 /yfdj/Public/H-ui/lib/jquery/1.9.1/jquery.min.map
ERR: 无法加载控制器:Public

[ 2016-01-27T13:37:59+08:00 ] ::1 /yfdj/Public/H-ui/lib/jquery/1.9.1/jquery.min.map
ERR: 无法加载控制器:Public

[ 2016-01-27T13:38:08+08:00 ] ::1 /yfdj/Public/H-ui/lib/jquery/1.9.1/jquery.min.map
ERR: 无法加载控制器:Public

[ 2016-01-27T13:38:15+08:00 ] ::1 /yfdj/Public/H-ui/lib/jquery/1.9.1/jquery.min.map
ERR: 无法加载控制器:Public

[ 2016-01-27T13:39:23+08:00 ] ::1 /yfdj/Public/H-ui/lib/jquery/1.9.1/jquery.min.map
ERR: 无法加载控制器:Public

[ 2016-01-27T13:40:13+08:00 ] ::1 /yfdj/Public/H-ui/lib/jquery/1.9.1/jquery.min.map
ERR: 无法加载控制器:Public

[ 2016-01-27T13:40:41+08:00 ] ::1 /yfdj/Public/H-ui/lib/jquery/1.9.1/jquery.min.map
ERR: 无法加载控制器:Public

[ 2016-01-27T13:40:57+08:00 ] ::1 /yfdj/Public/H-ui/lib/jquery/1.9.1/jquery.min.map
ERR: 无法加载控制器:Public

[ 2016-01-27T13:42:00+08:00 ] ::1 /yfdj/Public/H-ui/lib/jquery/1.9.1/jquery.min.map
ERR: 无法加载控制器:Public

[ 2016-01-27T13:42:26+08:00 ] ::1 /yfdj/Public/H-ui/lib/jquery/1.9.1/jquery.min.map
ERR: 无法加载控制器:Public

[ 2016-01-27T13:45:41+08:00 ] ::1 /yfdj/Public/H-ui/lib/jquery/1.9.1/jquery.min.map
ERR: 无法加载控制器:Public

[ 2016-01-27T13:45:56+08:00 ] ::1 /yfdj/Public/H-ui/lib/jquery/1.9.1/jquery.min.map
ERR: 无法加载控制器:Public

[ 2016-01-27T13:46:18+08:00 ] ::1 /yfdj/Public/H-ui/lib/jquery/1.9.1/jquery.min.map
ERR: 无法加载控制器:Public

[ 2016-01-27T13:47:10+08:00 ] ::1 /yfdj/Public/H-ui/lib/jquery/1.9.1/jquery.min.map
ERR: 无法加载控制器:Public

[ 2016-01-27T13:47:55+08:00 ] ::1 /yfdj/Public/H-ui/lib/jquery/1.9.1/jquery.min.map
ERR: 无法加载控制器:Public

[ 2016-01-27T13:48:34+08:00 ] ::1 /yfdj/Public/H-ui/lib/jquery/1.9.1/jquery.min.map
ERR: 无法加载控制器:Public

[ 2016-01-27T13:49:58+08:00 ] ::1 /yfdj/Public/H-ui/lib/jquery/1.9.1/jquery.min.map
ERR: 无法加载控制器:Public

[ 2016-01-27T13:51:01+08:00 ] ::1 /yfdj/Public/H-ui/lib/jquery/1.9.1/jquery.min.map
ERR: 无法加载控制器:Public

[ 2016-01-27T13:51:19+08:00 ] ::1 /yfdj/Public/H-ui/lib/jquery/1.9.1/jquery.min.map
ERR: 无法加载控制器:Public

[ 2016-01-27T13:51:32+08:00 ] ::1 /yfdj/Public/H-ui/lib/jquery/1.9.1/jquery.min.map
ERR: 无法加载控制器:Public

[ 2016-01-27T13:52:01+08:00 ] ::1 /yfdj/Public/H-ui/lib/jquery/1.9.1/jquery.min.map
ERR: 无法加载控制器:Public

[ 2016-01-27T13:52:23+08:00 ] ::1 /yfdj/Public/H-ui/lib/jquery/1.9.1/jquery.min.map
ERR: 无法加载控制器:Public

[ 2016-01-27T13:52:34+08:00 ] ::1 /yfdj/Public/H-ui/lib/jquery/1.9.1/jquery.min.map
ERR: 无法加载控制器:Public

[ 2016-01-27T13:55:58+08:00 ] ::1 /yfdj/Public/H-ui/lib/jquery/1.9.1/jquery.min.map
ERR: 无法加载控制器:Public

[ 2016-01-27T13:57:07+08:00 ] ::1 /yfdj/Public/H-ui/lib/jquery/1.9.1/jquery.min.map
ERR: 无法加载控制器:Public

[ 2016-01-27T13:57:18+08:00 ] ::1 /yfdj/Public/H-ui/lib/jquery/1.9.1/jquery.min.map
ERR: 无法加载控制器:Public

[ 2016-01-27T13:57:35+08:00 ] ::1 /yfdj/Public/H-ui/lib/jquery/1.9.1/jquery.min.map
ERR: 无法加载控制器:Public

[ 2016-01-27T13:59:22+08:00 ] ::1 /yfdj/Public/H-ui/lib/jquery/1.9.1/jquery.min.map
ERR: 无法加载控制器:Public

[ 2016-01-27T13:59:56+08:00 ] ::1 /yfdj/Public/H-ui/lib/jquery/1.9.1/jquery.min.map
ERR: 无法加载控制器:Public

[ 2016-01-27T14:00:04+08:00 ] ::1 /yfdj/Public/H-ui/lib/jquery/1.9.1/jquery.min.map
ERR: 无法加载控制器:Public

[ 2016-01-27T14:00:47+08:00 ] ::1 /yfdj/Public/H-ui/lib/jquery/1.9.1/jquery.min.map
ERR: 无法加载控制器:Public

[ 2016-01-27T14:01:44+08:00 ] ::1 /yfdj/Public/H-ui/lib/jquery/1.9.1/jquery.min.map
ERR: 无法加载控制器:Public

[ 2016-01-27T14:02:23+08:00 ] ::1 /yfdj/Public/H-ui/lib/jquery/1.9.1/jquery.min.map
ERR: 无法加载控制器:Public

[ 2016-01-27T14:02:47+08:00 ] ::1 /yfdj/Public/H-ui/lib/jquery/1.9.1/jquery.min.map
ERR: 无法加载控制器:Public

[ 2016-01-27T14:02:59+08:00 ] ::1 /yfdj/Public/H-ui/lib/jquery/1.9.1/jquery.min.map
ERR: 无法加载控制器:Public

[ 2016-01-27T14:03:15+08:00 ] ::1 /yfdj/Public/H-ui/lib/jquery/1.9.1/jquery.min.map
ERR: 无法加载控制器:Public

[ 2016-01-27T14:03:32+08:00 ] ::1 /yfdj/Public/H-ui/lib/jquery/1.9.1/jquery.min.map
ERR: 无法加载控制器:Public

[ 2016-01-27T14:04:03+08:00 ] ::1 /yfdj/Public/H-ui/lib/jquery/1.9.1/jquery.min.map
ERR: 无法加载控制器:Public

[ 2016-01-27T14:04:51+08:00 ] ::1 /yfdj/Public/H-ui/lib/jquery/1.9.1/jquery.min.map
ERR: 无法加载控制器:Public

[ 2016-01-27T14:05:42+08:00 ] ::1 /yfdj/Public/H-ui/lib/jquery/1.9.1/jquery.min.map
ERR: 无法加载控制器:Public

[ 2016-01-27T14:06:43+08:00 ] ::1 /yfdj/Public/H-ui/lib/jquery/1.9.1/jquery.min.map
ERR: 无法加载控制器:Public

[ 2016-01-27T14:07:44+08:00 ] ::1 /yfdj/Public/H-ui/lib/jquery/1.9.1/jquery.min.map
ERR: 无法加载控制器:Public

[ 2016-01-27T14:07:58+08:00 ] ::1 /yfdj/Public/H-ui/lib/jquery/1.9.1/jquery.min.map
ERR: 无法加载控制器:Public

[ 2016-01-27T14:09:56+08:00 ] ::1 /yfdj/Public/H-ui/lib/jquery/1.9.1/jquery.min.map
ERR: 无法加载控制器:Public

[ 2016-01-27T14:10:14+08:00 ] ::1 /yfdj/Public/H-ui/lib/jquery/1.9.1/jquery.min.map
ERR: 无法加载控制器:Public

[ 2016-01-27T14:13:01+08:00 ] ::1 /yfdj/Public/H-ui/lib/jquery/1.9.1/jquery.min.map
ERR: 无法加载控制器:Public

[ 2016-01-27T14:13:56+08:00 ] ::1 /yfdj/Public/H-ui/lib/jquery/1.9.1/jquery.min.map
ERR: 无法加载控制器:Public

[ 2016-01-27T14:15:22+08:00 ] ::1 /yfdj/Public/H-ui/lib/jquery/1.9.1/jquery.min.map
ERR: 无法加载控制器:Public

[ 2016-01-27T14:15:59+08:00 ] ::1 /yfdj/Public/H-ui/lib/jquery/1.9.1/jquery.min.map
ERR: 无法加载控制器:Public

[ 2016-01-27T14:16:38+08:00 ] ::1 /yfdj/Public/H-ui/lib/jquery/1.9.1/jquery.min.map
ERR: 无法加载控制器:Public

[ 2016-01-27T14:19:13+08:00 ] ::1 /yfdj/Public/H-ui/lib/jquery/1.9.1/jquery.min.map
ERR: 无法加载控制器:Public

[ 2016-01-27T14:19:25+08:00 ] ::1 /yfdj/Public/H-ui/lib/jquery/1.9.1/jquery.min.map
ERR: 无法加载控制器:Public

[ 2016-01-27T14:19:46+08:00 ] ::1 /yfdj/Public/H-ui/lib/jquery/1.9.1/jquery.min.map
ERR: 无法加载控制器:Public

[ 2016-01-27T14:20:26+08:00 ] ::1 /yfdj/Public/H-ui/lib/jquery/1.9.1/jquery.min.map
ERR: 无法加载控制器:Public

[ 2016-01-27T14:22:28+08:00 ] ::1 /yfdj/Public/H-ui/lib/jquery/1.9.1/jquery.min.map
ERR: 无法加载控制器:Public

[ 2016-01-27T14:23:14+08:00 ] ::1 /yfdj/Public/H-ui/lib/jquery/1.9.1/jquery.min.map
ERR: 无法加载控制器:Public

[ 2016-01-27T14:23:48+08:00 ] ::1 /yfdj/Public/H-ui/lib/jquery/1.9.1/jquery.min.map
ERR: 无法加载控制器:Public

[ 2016-01-27T14:23:55+08:00 ] ::1 /yfdj/Public/H-ui/lib/jquery/1.9.1/jquery.min.map
ERR: 无法加载控制器:Public

[ 2016-01-27T14:24:50+08:00 ] ::1 /yfdj/Public/H-ui/lib/jquery/1.9.1/jquery.min.map
ERR: 无法加载控制器:Public

[ 2016-01-27T14:26:14+08:00 ] ::1 /yfdj/Public/H-ui/lib/jquery/1.9.1/jquery.min.map
ERR: 无法加载控制器:Public

[ 2016-01-27T14:26:37+08:00 ] ::1 /yfdj/Public/H-ui/lib/jquery/1.9.1/jquery.min.map
ERR: 无法加载控制器:Public

[ 2016-01-27T14:27:28+08:00 ] ::1 /yfdj/Public/H-ui/lib/jquery/1.9.1/jquery.min.map
ERR: 无法加载控制器:Public

[ 2016-01-27T14:27:54+08:00 ] ::1 /yfdj/Public/H-ui/lib/jquery/1.9.1/jquery.min.map
ERR: 无法加载控制器:Public

[ 2016-01-27T14:28:03+08:00 ] ::1 /yfdj/Public/H-ui/lib/jquery/1.9.1/jquery.min.map
ERR: 无法加载控制器:Public

[ 2016-01-27T14:30:07+08:00 ] ::1 /yfdj/Public/H-ui/lib/jquery/1.9.1/jquery.min.map
ERR: 无法加载控制器:Public

[ 2016-01-27T14:30:52+08:00 ] ::1 /yfdj/Public/H-ui/lib/jquery/1.9.1/jquery.min.map
ERR: 无法加载控制器:Public

[ 2016-01-27T14:31:18+08:00 ] ::1 /yfdj/Public/H-ui/lib/jquery/1.9.1/jquery.min.map
ERR: 无法加载控制器:Public

[ 2016-01-27T14:32:24+08:00 ] ::1 /yfdj/Public/H-ui/lib/jquery/1.9.1/jquery.min.map
ERR: 无法加载控制器:Public

[ 2016-01-27T14:33:52+08:00 ] ::1 /yfdj/Public/H-ui/lib/jquery/1.9.1/jquery.min.map
ERR: 无法加载控制器:Public

[ 2016-01-27T14:35:00+08:00 ] ::1 /yfdj/Public/H-ui/lib/jquery/1.9.1/jquery.min.map
ERR: 无法加载控制器:Public

[ 2016-01-27T14:35:47+08:00 ] ::1 /yfdj/Public/H-ui/lib/jquery/1.9.1/jquery.min.map
ERR: 无法加载控制器:Public

[ 2016-01-27T14:39:37+08:00 ] ::1 /yfdj/Public/H-ui/lib/jquery/1.9.1/jquery.min.map
ERR: 无法加载控制器:Public

[ 2016-01-27T14:39:50+08:00 ] ::1 /yfdj/Public/H-ui/lib/jquery/1.9.1/jquery.min.map
ERR: 无法加载控制器:Public

[ 2016-01-27T14:40:21+08:00 ] ::1 /yfdj/Public/H-ui/lib/jquery/1.9.1/jquery.min.map
ERR: 无法加载控制器:Public

[ 2016-01-27T14:40:31+08:00 ] ::1 /yfdj/Public/H-ui/lib/jquery/1.9.1/jquery.min.map
ERR: 无法加载控制器:Public

[ 2016-01-27T14:40:40+08:00 ] ::1 /yfdj/Public/H-ui/lib/jquery/1.9.1/jquery.min.map
ERR: 无法加载控制器:Public

[ 2016-01-27T14:46:13+08:00 ] ::1 /yfdj/Public/H-ui/lib/jquery/1.9.1/jquery.min.map
ERR: 无法加载控制器:Public

[ 2016-01-27T14:46:44+08:00 ] ::1 /yfdj/Public/H-ui/lib/jquery/1.9.1/jquery.min.map
ERR: 无法加载控制器:Public

[ 2016-01-27T14:47:21+08:00 ] ::1 /yfdj/Public/H-ui/lib/jquery/1.9.1/jquery.min.map
ERR: 无法加载控制器:Public

[ 2016-01-27T14:48:35+08:00 ] ::1 /yfdj/Public/H-ui/lib/jquery/1.9.1/jquery.min.map
ERR: 无法加载控制器:Public

[ 2016-01-27T14:49:02+08:00 ] ::1 /yfdj/Public/H-ui/lib/jquery/1.9.1/jquery.min.map
ERR: 无法加载控制器:Public

[ 2016-01-27T14:49:30+08:00 ] ::1 /yfdj/Public/H-ui/lib/jquery/1.9.1/jquery.min.map
ERR: 无法加载控制器:Public

[ 2016-01-27T14:50:13+08:00 ] ::1 /yfdj/Public/H-ui/lib/jquery/1.9.1/jquery.min.map
ERR: 无法加载控制器:Public

[ 2016-01-27T14:54:52+08:00 ] ::1 /yfdj/Public/H-ui/lib/jquery/1.9.1/jquery.min.map
ERR: 无法加载控制器:Public

[ 2016-01-27T14:55:40+08:00 ] ::1 /yfdj/Public/H-ui/lib/jquery/1.9.1/jquery.min.map
ERR: 无法加载控制器:Public

[ 2016-01-27T14:55:57+08:00 ] ::1 /yfdj/Public/H-ui/lib/jquery/1.9.1/jquery.min.map
ERR: 无法加载控制器:Public

[ 2016-01-27T14:56:42+08:00 ] ::1 /yfdj/Public/H-ui/lib/jquery/1.9.1/jquery.min.map
ERR: 无法加载控制器:Public

[ 2016-01-27T14:58:41+08:00 ] ::1 /yfdj/Public/H-ui/lib/jquery/1.9.1/jquery.min.map
ERR: 无法加载控制器:Public

[ 2016-01-27T14:59:48+08:00 ] ::1 /yfdj/Public/H-ui/lib/jquery/1.9.1/jquery.min.map
ERR: 无法加载控制器:Public

[ 2016-01-27T15:05:27+08:00 ] ::1 /yfdj/Public/H-ui/lib/jquery/1.9.1/jquery.min.map
ERR: 无法加载控制器:Public

[ 2016-01-27T15:07:17+08:00 ] ::1 /yfdj/Public/H-ui/lib/jquery/1.9.1/jquery.min.map
ERR: 无法加载控制器:Public

[ 2016-01-27T15:12:33+08:00 ] ::1 /yfdj/Public/H-ui/lib/jquery/1.9.1/jquery.min.map
ERR: 无法加载控制器:Public

[ 2016-01-27T15:15:14+08:00 ] ::1 /yfdj/Public/H-ui/lib/jquery/1.9.1/jquery.min.map
ERR: 无法加载控制器:Public

[ 2016-01-27T15:17:52+08:00 ] ::1 /yfdj/Public/H-ui/lib/jquery/1.9.1/jquery.min.map
ERR: 无法加载控制器:Public

[ 2016-01-27T15:19:42+08:00 ] ::1 /yfdj/Public/H-ui/lib/jquery/1.9.1/jquery.min.map
ERR: 无法加载控制器:Public

[ 2016-01-27T15:22:14+08:00 ] ::1 /yfdj/Public/H-ui/lib/jquery/1.9.1/jquery.min.map
ERR: 无法加载控制器:Public

[ 2016-01-27T15:22:47+08:00 ] ::1 /yfdj/Public/H-ui/lib/jquery/1.9.1/jquery.min.map
ERR: 无法加载控制器:Public

[ 2016-01-27T15:23:32+08:00 ] ::1 /yfdj/Public/H-ui/lib/jquery/1.9.1/jquery.min.map
ERR: 无法加载控制器:Public

[ 2016-01-27T15:24:19+08:00 ] ::1 /yfdj/Public/H-ui/lib/jquery/1.9.1/jquery.min.map
ERR: 无法加载控制器:Public

[ 2016-01-27T15:25:21+08:00 ] ::1 /yfdj/Public/H-ui/lib/jquery/1.9.1/jquery.min.map
ERR: 无法加载控制器:Public

[ 2016-01-27T15:25:47+08:00 ] ::1 /yfdj/Public/H-ui/lib/jquery/1.9.1/jquery.min.map
ERR: 无法加载控制器:Public

[ 2016-01-27T15:26:00+08:00 ] ::1 /yfdj/Public/H-ui/lib/jquery/1.9.1/jquery.min.map
ERR: 无法加载控制器:Public

[ 2016-01-27T15:28:12+08:00 ] ::1 /yfdj/Public/H-ui/lib/jquery/1.9.1/jquery.min.map
ERR: 无法加载控制器:Public

[ 2016-01-27T15:34:15+08:00 ] ::1 /yfdj/Public/H-ui/lib/jquery/1.9.1/jquery.min.map
ERR: 无法加载控制器:Public

[ 2016-01-27T15:36:55+08:00 ] ::1 /yfdj/Public/H-ui/lib/jquery/1.9.1/jquery.min.map
ERR: 无法加载控制器:Public

[ 2016-01-27T15:42:49+08:00 ] ::1 /yfdj/Public/H-ui/lib/jquery/1.9.1/jquery.min.map
ERR: 无法加载控制器:Public

[ 2016-01-27T15:43:56+08:00 ] ::1 /yfdj/Public/H-ui/lib/jquery/1.9.1/jquery.min.map
ERR: 无法加载控制器:Public

[ 2016-01-27T15:44:38+08:00 ] ::1 /yfdj/Public/H-ui/lib/jquery/1.9.1/jquery.min.map
ERR: 无法加载控制器:Public

[ 2016-01-27T15:45:41+08:00 ] ::1 /yfdj/Public/H-ui/lib/jquery/1.9.1/jquery.min.map
ERR: 无法加载控制器:Public

[ 2016-01-27T15:47:42+08:00 ] ::1 /yfdj/Public/H-ui/lib/jquery/1.9.1/jquery.min.map
ERR: 无法加载控制器:Public

[ 2016-01-27T15:47:46+08:00 ] ::1 /yfdj/Public/H-ui/lib/jquery/1.9.1/jquery.min.map
ERR: 无法加载控制器:Public

[ 2016-01-27T15:48:54+08:00 ] ::1 /yfdj/Public/H-ui/lib/jquery/1.9.1/jquery.min.map
ERR: 无法加载控制器:Public

[ 2016-01-27T15:49:06+08:00 ] ::1 /yfdj/Public/H-ui/lib/jquery/1.9.1/jquery.min.map
ERR: 无法加载控制器:Public

[ 2016-01-27T15:49:27+08:00 ] ::1 /yfdj/Public/H-ui/lib/jquery/1.9.1/jquery.min.map
ERR: 无法加载控制器:Public

[ 2016-01-27T15:49:35+08:00 ] ::1 /yfdj/Public/H-ui/lib/jquery/1.9.1/jquery.min.map
ERR: 无法加载控制器:Public

[ 2016-01-27T15:52:04+08:00 ] ::1 /yfdj/Public/H-ui/lib/jquery/1.9.1/jquery.min.map
ERR: 无法加载控制器:Public

[ 2016-01-27T15:53:36+08:00 ] ::1 /yfdj/Public/H-ui/lib/jquery/1.9.1/jquery.min.map
ERR: 无法加载控制器:Public

[ 2016-01-27T15:54:12+08:00 ] ::1 /yfdj/Public/H-ui/lib/jquery/1.9.1/jquery.min.map
ERR: 无法加载控制器:Public

[ 2016-01-27T15:55:12+08:00 ] ::1 /yfdj/Public/H-ui/lib/jquery/1.9.1/jquery.min.map
ERR: 无法加载控制器:Public

[ 2016-01-27T15:56:46+08:00 ] ::1 /yfdj/Public/H-ui/lib/jquery/1.9.1/jquery.min.map
ERR: 无法加载控制器:Public

[ 2016-01-27T15:57:25+08:00 ] ::1 /yfdj/Public/H-ui/lib/jquery/1.9.1/jquery.min.map
ERR: 无法加载控制器:Public

[ 2016-01-27T15:59:31+08:00 ] ::1 /yfdj/Public/H-ui/lib/jquery/1.9.1/jquery.min.map
ERR: 无法加载控制器:Public

[ 2016-01-27T16:03:47+08:00 ] ::1 /yfdj/Public/H-ui/lib/jquery/1.9.1/jquery.min.map
ERR: 无法加载控制器:Public

[ 2016-01-27T16:04:07+08:00 ] ::1 /yfdj/Public/H-ui/lib/jquery/1.9.1/jquery.min.map
ERR: 无法加载控制器:Public

[ 2016-01-27T16:04:22+08:00 ] ::1 /yfdj/Public/H-ui/lib/jquery/1.9.1/jquery.min.map
ERR: 无法加载控制器:Public

[ 2016-01-27T16:05:22+08:00 ] ::1 /yfdj/Public/H-ui/lib/jquery/1.9.1/jquery.min.map
ERR: 无法加载控制器:Public

[ 2016-01-27T16:05:45+08:00 ] ::1 /yfdj/Public/H-ui/lib/jquery/1.9.1/jquery.min.map
ERR: 无法加载控制器:Public

[ 2016-01-27T16:05:55+08:00 ] ::1 /yfdj/Public/H-ui/lib/jquery/1.9.1/jquery.min.map
ERR: 无法加载控制器:Public

[ 2016-01-27T16:06:17+08:00 ] ::1 /yfdj/Public/H-ui/lib/jquery/1.9.1/jquery.min.map
ERR: 无法加载控制器:Public

[ 2016-01-27T16:06:40+08:00 ] ::1 /yfdj/Public/H-ui/lib/jquery/1.9.1/jquery.min.map
ERR: 无法加载控制器:Public

[ 2016-01-27T16:06:43+08:00 ] ::1 /yfdj/Public/H-ui/lib/jquery/1.9.1/jquery.min.map
ERR: 无法加载控制器:Public

[ 2016-01-27T16:06:57+08:00 ] ::1 /yfdj/Public/H-ui/lib/jquery/1.9.1/jquery.min.map
ERR: 无法加载控制器:Public

[ 2016-01-27T16:08:33+08:00 ] ::1 /yfdj/Public/H-ui/lib/jquery/1.9.1/jquery.min.map
ERR: 无法加载控制器:Public

[ 2016-01-27T16:08:44+08:00 ] ::1 /yfdj/Public/H-ui/lib/jquery/1.9.1/jquery.min.map
ERR: 无法加载控制器:Public

[ 2016-01-27T16:08:58+08:00 ] ::1 /yfdj/Public/H-ui/lib/jquery/1.9.1/jquery.min.map
ERR: 无法加载控制器:Public

[ 2016-01-27T16:09:09+08:00 ] ::1 /yfdj/Public/H-ui/lib/jquery/1.9.1/jquery.min.map
ERR: 无法加载控制器:Public

[ 2016-01-27T16:09:23+08:00 ] ::1 /yfdj/Public/H-ui/lib/jquery/1.9.1/jquery.min.map
ERR: 无法加载控制器:Public

[ 2016-01-27T16:09:38+08:00 ] ::1 /yfdj/Public/H-ui/lib/jquery/1.9.1/jquery.min.map
ERR: 无法加载控制器:Public

[ 2016-01-27T16:09:48+08:00 ] ::1 /yfdj/Public/H-ui/lib/jquery/1.9.1/jquery.min.map
ERR: 无法加载控制器:Public

[ 2016-01-27T16:10:18+08:00 ] ::1 /yfdj/Public/H-ui/lib/jquery/1.9.1/jquery.min.map
ERR: 无法加载控制器:Public

[ 2016-01-27T16:10:28+08:00 ] ::1 /yfdj/Public/H-ui/lib/jquery/1.9.1/jquery.min.map
ERR: 无法加载控制器:Public

[ 2016-01-27T16:20:04+08:00 ] ::1 /yfdj/Public/H-ui/lib/jquery/1.9.1/jquery.min.map
ERR: 无法加载控制器:Public

[ 2016-01-27T16:21:57+08:00 ] ::1 /yfdj/Public/H-ui/lib/jquery/1.9.1/jquery.min.map
ERR: 无法加载控制器:Public

[ 2016-01-27T16:23:09+08:00 ] ::1 /yfdj/Public/H-ui/lib/jquery/1.9.1/jquery.min.map
ERR: 无法加载控制器:Public

[ 2016-01-27T16:24:11+08:00 ] ::1 /yfdj/Public/H-ui/lib/jquery/1.9.1/jquery.min.map
ERR: 无法加载控制器:Public

[ 2016-01-27T16:24:32+08:00 ] ::1 /yfdj/Public/H-ui/lib/jquery/1.9.1/jquery.min.map
ERR: 无法加载控制器:Public

[ 2016-01-27T16:26:15+08:00 ] ::1 /yfdj/Public/H-ui/lib/jquery/1.9.1/jquery.min.map
ERR: 无法加载控制器:Public

[ 2016-01-27T16:28:51+08:00 ] ::1 /yfdj/Public/H-ui/lib/jquery/1.9.1/jquery.min.map
ERR: 无法加载控制器:Public

[ 2016-01-27T16:35:36+08:00 ] ::1 /yfdj/Public/H-ui/lib/jquery/1.9.1/jquery.min.map
ERR: 无法加载控制器:Public

[ 2016-01-27T16:36:39+08:00 ] ::1 /yfdj/Public/H-ui/lib/jquery/1.9.1/jquery.min.map
ERR: 无法加载控制器:Public

[ 2016-01-27T16:39:19+08:00 ] ::1 /yfdj/Public/H-ui/lib/jquery/1.9.1/jquery.min.map
ERR: 无法加载控制器:Public

[ 2016-01-27T16:39:47+08:00 ] ::1 /yfdj/Public/H-ui/lib/jquery/1.9.1/jquery.min.map
ERR: 无法加载控制器:Public

[ 2016-01-27T16:40:33+08:00 ] ::1 /yfdj/Public/H-ui/lib/jquery/1.9.1/jquery.min.map
ERR: 无法加载控制器:Public

[ 2016-01-27T16:41:30+08:00 ] ::1 /yfdj/Public/H-ui/lib/jquery/1.9.1/jquery.min.map
ERR: 无法加载控制器:Public

[ 2016-01-27T16:42:34+08:00 ] ::1 /yfdj/Public/H-ui/lib/jquery/1.9.1/jquery.min.map
ERR: 无法加载控制器:Public

[ 2016-01-27T16:45:14+08:00 ] ::1 /yfdj/Public/H-ui/lib/jquery/1.9.1/jquery.min.map
ERR: 无法加载控制器:Public

[ 2016-01-27T16:46:01+08:00 ] ::1 /yfdj/Public/H-ui/lib/jquery/1.9.1/jquery.min.map
ERR: 无法加载控制器:Public

[ 2016-01-27T16:46:32+08:00 ] ::1 /yfdj/Public/H-ui/lib/jquery/1.9.1/jquery.min.map
ERR: 无法加载控制器:Public

[ 2016-01-27T16:49:51+08:00 ] ::1 /yfdj/Public/H-ui/lib/jquery/1.9.1/jquery.min.map
ERR: 无法加载控制器:Public

[ 2016-01-27T16:57:04+08:00 ] ::1 /yfdj/Public/H-ui/lib/jquery/1.9.1/jquery.min.map
ERR: 无法加载控制器:Public

[ 2016-01-27T16:59:30+08:00 ] ::1 /yfdj/Public/H-ui/lib/jquery/1.9.1/jquery.min.map
ERR: 无法加载控制器:Public

[ 2016-01-27T17:03:58+08:00 ] ::1 /yfdj/Public/H-ui/lib/jquery/1.9.1/jquery.min.map
ERR: 无法加载控制器:Public

